<?xml version="1.0" encoding="UTF-8"?>
<testng-results ignored="0" total="1" passed="1" failed="0" skipped="0">
  <reporter-output>
  </reporter-output>
  <suite started-at="2023-10-12T18:26:04 IST" name="Default suite" finished-at="2023-10-12T18:26:40 IST" duration-ms="35855">
    <groups>
    </groups>
    <test started-at="2023-10-12T18:26:04 IST" name="Default test" finished-at="2023-10-12T18:26:40 IST" duration-ms="35855">
      <class name="testCases.verifySignUp">
        <test-method signature="signUp()[pri:0, instance:testCases.verifySignUp@128d2484]" started-at="2023-10-12T18:26:04 IST" name="signUp" finished-at="2023-10-12T18:26:40 IST" duration-ms="35822" status="PASS">
          <reporter-output>
          </reporter-output>
        </test-method> <!-- signUp -->
      </class> <!-- testCases.verifySignUp -->
    </test> <!-- Default test -->
  </suite> <!-- Default suite -->
</testng-results>
